<?xml version="1.0" encoding="UTF-8"?>
<!-- Generated by org.testng.reporters.JUnitReportReporter -->
<testsuite skipped="0" hostname="DESKTOP-RC7254A" name="com.sample.testcases.LoginPageTest" tests="3" failures="0" timestamp="23 Feb 2018 00:56:45 GMT" time="44.392" errors="0">
  <testcase name="LoginPageTitleTest" time="6.956" classname="com.sample.testcases.LoginPageTest"/>
  <testcase name="VerifyFacebookLogo" time="6.554" classname="com.sample.testcases.LoginPageTest"/>
  <testcase name="LoginFacebook" time="30.882" classname="com.sample.testcases.LoginPageTest"/>
</testsuite> <!-- com.sample.testcases.LoginPageTest -->
